{"C:\\Users\\DELL\\reactjsnani\\src\\components\\Contact.js": {"path":"C:\\Users\\DELL\\reactjsnani\\src\\components\\Contact.js","statementMap":{"0":{"start":{"line":1,"column":14},"end":{"line":9,"column":1}},"1":{"start":{"line":2,"column":4},"end":{"line":8,"column":5}}},"fnMap":{"0":{"name":"(anonymous_0)","decl":{"start":{"line":1,"column":14},"end":{"line":1,"column":15}},"loc":{"start":{"line":1,"column":18},"end":{"line":9,"column":1}},"line":1}},"branchMap":{},"s":{"0":1,"1":2},"f":{"0":2},"b":{},"_coverageSchema":"1a1c01bbd47fc00a2c39e90264f33305004495a9","hash":"08cdec5e61b99ce49ef2b913981774bac324187d"}
,"C:\\Users\\DELL\\reactjsnani\\src\\components\\Header.js": {"path":"C:\\Users\\DELL\\reactjsnani\\src\\components\\Header.js","statementMap":{"0":{"start":{"line":11,"column":15},"end":{"line":86,"column":1}},"1":{"start":{"line":12,"column":24},"end":{"line":12,"column":41}},"2":{"start":{"line":13,"column":23},"end":{"line":13,"column":40}},"3":{"start":{"line":14,"column":39},"end":{"line":14,"column":63}},"4":{"start":{"line":15,"column":15},"end":{"line":15,"column":56}},"5":{"start":{"line":15,"column":38},"end":{"line":15,"column":55}},"6":{"start":{"line":18,"column":2},"end":{"line":85,"column":4}},"7":{"start":{"line":59,"column":18},"end":{"line":59,"column":71}}},"fnMap":{"0":{"name":"(anonymous_0)","decl":{"start":{"line":11,"column":15},"end":{"line":11,"column":16}},"loc":{"start":{"line":11,"column":21},"end":{"line":86,"column":1}},"line":11},"1":{"name":"(anonymous_1)","decl":{"start":{"line":15,"column":27},"end":{"line":15,"column":28}},"loc":{"start":{"line":15,"column":38},"end":{"line":15,"column":55}},"line":15},"2":{"name":"(anonymous_2)","decl":{"start":{"line":58,"column":25},"end":{"line":58,"column":26}},"loc":{"start":{"line":58,"column":31},"end":{"line":60,"column":17}},"line":58}},"branchMap":{"0":{"loc":{"start":{"line":26,"column":42},"end":{"line":26,"column":67}},"type":"cond-expr","locations":[{"start":{"line":26,"column":57},"end":{"line":26,"column":60}},{"start":{"line":26,"column":63},"end":{"line":26,"column":67}}],"line":26},"1":{"loc":{"start":{"line":59,"column":18},"end":{"line":59,"column":70}},"type":"cond-expr","locations":[{"start":{"line":59,"column":36},"end":{"line":59,"column":52}},{"start":{"line":59,"column":55},"end":{"line":59,"column":70}}],"line":59},"2":{"loc":{"start":{"line":71,"column":18},"end":{"line":71,"column":52}},"type":"cond-expr","locations":[{"start":{"line":71,"column":32},"end":{"line":71,"column":47}},{"start":{"line":71,"column":50},"end":{"line":71,"column":52}}],"line":71}},"s":{"0":1,"1":1,"2":1,"3":1,"4":1,"5":2,"6":1,"7":0},"f":{"0":1,"1":2,"2":0},"b":{"0":[1,0],"1":[0,0],"2":[0,1]},"_coverageSchema":"1a1c01bbd47fc00a2c39e90264f33305004495a9","hash":"702174dd116d25b222c4e75281847eb3656a7a0b"}
,"C:\\Users\\DELL\\reactjsnani\\src\\components\\Items.js": {"path":"C:\\Users\\DELL\\reactjsnani\\src\\components\\Items.js","statementMap":{"0":{"start":{"line":8,"column":14},"end":{"line":49,"column":1}},"1":{"start":{"line":9,"column":19},"end":{"line":9,"column":32}},"2":{"start":{"line":12,"column":24},"end":{"line":14,"column":3}},"3":{"start":{"line":13,"column":4},"end":{"line":13,"column":28}},"4":{"start":{"line":16,"column":2},"end":{"line":48,"column":4}},"5":{"start":{"line":19,"column":8},"end":{"line":45,"column":14}},"6":{"start":{"line":36,"column":35},"end":{"line":36,"column":54}}},"fnMap":{"0":{"name":"(anonymous_0)","decl":{"start":{"line":8,"column":14},"end":{"line":8,"column":15}},"loc":{"start":{"line":8,"column":29},"end":{"line":49,"column":1}},"line":8},"1":{"name":"(anonymous_1)","decl":{"start":{"line":12,"column":24},"end":{"line":12,"column":25}},"loc":{"start":{"line":12,"column":34},"end":{"line":14,"column":3}},"line":12},"2":{"name":"(anonymous_2)","decl":{"start":{"line":18,"column":17},"end":{"line":18,"column":18}},"loc":{"start":{"line":19,"column":8},"end":{"line":45,"column":14}},"line":19},"3":{"name":"(anonymous_3)","decl":{"start":{"line":36,"column":29},"end":{"line":36,"column":30}},"loc":{"start":{"line":36,"column":35},"end":{"line":36,"column":54}},"line":36}},"branchMap":{"0":{"loc":{"start":{"line":28,"column":17},"end":{"line":30,"column":53}},"type":"cond-expr","locations":[{"start":{"line":29,"column":20},"end":{"line":29,"column":46}},{"start":{"line":30,"column":20},"end":{"line":30,"column":53}}],"line":28}},"s":{"0":1,"1":0,"2":0,"3":0,"4":0,"5":0,"6":0},"f":{"0":0,"1":0,"2":0,"3":0},"b":{"0":[0,0]},"_coverageSchema":"1a1c01bbd47fc00a2c39e90264f33305004495a9","hash":"4e5b3757a77c619bdc8dcd2e1a6a8d19e86c9b84"}
,"C:\\Users\\DELL\\reactjsnani\\src\\components\\sum.js": {"path":"C:\\Users\\DELL\\reactjsnani\\src\\components\\sum.js","statementMap":{"0":{"start":{"line":1,"column":11},"end":{"line":3,"column":1}},"1":{"start":{"line":2,"column":4},"end":{"line":2,"column":14}}},"fnMap":{"0":{"name":"(anonymous_0)","decl":{"start":{"line":1,"column":11},"end":{"line":1,"column":12}},"loc":{"start":{"line":1,"column":18},"end":{"line":3,"column":1}},"line":1}},"branchMap":{},"s":{"0":1,"1":1},"f":{"0":1},"b":{},"_coverageSchema":"1a1c01bbd47fc00a2c39e90264f33305004495a9","hash":"d75054c8844752192d3535eabe76631359728dea"}
,"C:\\Users\\DELL\\reactjsnani\\src\\components\\COSTAMHOOKS\\useOnlineStatus.js": {"path":"C:\\Users\\DELL\\reactjsnani\\src\\components\\COSTAMHOOKS\\useOnlineStatus.js","statementMap":{"0":{"start":{"line":3,"column":24},"end":{"line":16,"column":1}},"1":{"start":{"line":4,"column":41},"end":{"line":4,"column":55}},"2":{"start":{"line":5,"column":4},"end":{"line":14,"column":9}},"3":{"start":{"line":6,"column":8},"end":{"line":8,"column":11}},"4":{"start":{"line":7,"column":12},"end":{"line":7,"column":33}},"5":{"start":{"line":10,"column":8},"end":{"line":12,"column":10}},"6":{"start":{"line":11,"column":12},"end":{"line":11,"column":34}},"7":{"start":{"line":15,"column":2},"end":{"line":15,"column":22}}},"fnMap":{"0":{"name":"(anonymous_0)","decl":{"start":{"line":3,"column":24},"end":{"line":3,"column":25}},"loc":{"start":{"line":3,"column":30},"end":{"line":16,"column":1}},"line":3},"1":{"name":"(anonymous_1)","decl":{"start":{"line":5,"column":14},"end":{"line":5,"column":15}},"loc":{"start":{"line":5,"column":18},"end":{"line":14,"column":5}},"line":5},"2":{"name":"(anonymous_2)","decl":{"start":{"line":6,"column":41},"end":{"line":6,"column":42}},"loc":{"start":{"line":6,"column":45},"end":{"line":8,"column":9}},"line":6},"3":{"name":"(anonymous_3)","decl":{"start":{"line":10,"column":42},"end":{"line":10,"column":43}},"loc":{"start":{"line":10,"column":46},"end":{"line":12,"column":9}},"line":10}},"branchMap":{},"s":{"0":1,"1":1,"2":1,"3":1,"4":0,"5":1,"6":0,"7":1},"f":{"0":1,"1":1,"2":0,"3":0},"b":{},"_coverageSchema":"1a1c01bbd47fc00a2c39e90264f33305004495a9","hash":"dcc1a802481f84813042e3d53db9ccae8d0daa4e"}
,"C:\\Users\\DELL\\reactjsnani\\src\\components\\store\\AppStore.js": {"path":"C:\\Users\\DELL\\reactjsnani\\src\\components\\store\\AppStore.js","statementMap":{"0":{"start":{"line":5,"column":15},"end":{"line":10,"column":2}}},"fnMap":{},"branchMap":{},"s":{"0":1},"f":{},"b":{},"_coverageSchema":"1a1c01bbd47fc00a2c39e90264f33305004495a9","hash":"a48856a867b36c028f23e04f1591a108e5aabb33"}
,"C:\\Users\\DELL\\reactjsnani\\src\\components\\store\\CartSlice.js": {"path":"C:\\Users\\DELL\\reactjsnani\\src\\components\\store\\CartSlice.js","statementMap":{"0":{"start":{"line":4,"column":16},"end":{"line":22,"column":2}},"1":{"start":{"line":11,"column":12},"end":{"line":11,"column":45}},"2":{"start":{"line":15,"column":12},"end":{"line":15,"column":30}},"3":{"start":{"line":18,"column":12},"end":{"line":18,"column":34}},"4":{"start":{"line":24,"column":44},"end":{"line":24,"column":61}}},"fnMap":{"0":{"name":"(anonymous_0)","decl":{"start":{"line":10,"column":17},"end":{"line":10,"column":18}},"loc":{"start":{"line":10,"column":33},"end":{"line":13,"column":10}},"line":10},"1":{"name":"(anonymous_1)","decl":{"start":{"line":14,"column":20},"end":{"line":14,"column":21}},"loc":{"start":{"line":14,"column":29},"end":{"line":16,"column":10}},"line":14},"2":{"name":"(anonymous_2)","decl":{"start":{"line":17,"column":19},"end":{"line":17,"column":20}},"loc":{"start":{"line":17,"column":28},"end":{"line":20,"column":10}},"line":17}},"branchMap":{},"s":{"0":1,"1":0,"2":0,"3":0,"4":1},"f":{"0":0,"1":0,"2":0},"b":{},"_coverageSchema":"1a1c01bbd47fc00a2c39e90264f33305004495a9","hash":"4cc72dab7d34e80b271e48448a84c3d166f5ac90"}
,"C:\\Users\\DELL\\reactjsnani\\src\\utilits\\ThemeContext.js": {"path":"C:\\Users\\DELL\\reactjsnani\\src\\utilits\\ThemeContext.js","statementMap":{"0":{"start":{"line":4,"column":21},"end":{"line":4,"column":36}}},"fnMap":{},"branchMap":{},"s":{"0":1},"f":{},"b":{},"_coverageSchema":"1a1c01bbd47fc00a2c39e90264f33305004495a9","hash":"f1811e05049a50c812d61507d71e66c9f13a4d54"}
,"C:\\Users\\DELL\\reactjsnani\\src\\utilits\\constants.js": {"path":"C:\\Users\\DELL\\reactjsnani\\src\\utilits\\constants.js","statementMap":{"0":{"start":{"line":1,"column":22},"end":{"line":1,"column":116}},"1":{"start":{"line":2,"column":21},"end":{"line":2,"column":117}},"2":{"start":{"line":3,"column":22},"end":{"line":3,"column":145}}},"fnMap":{},"branchMap":{},"s":{"0":1,"1":1,"2":1},"f":{},"b":{},"_coverageSchema":"1a1c01bbd47fc00a2c39e90264f33305004495a9","hash":"41a060da9657c859586f96c1a4decacf02e877f5"}
}
